Build started 06-10-2019 14:50:05.
     1>Project "D:\visual\Template\inheritance\Developer\Win32Project1\Win32Project1\Win32Project1.vcxproj" on node 2 (ClCompile target(s)).
     1>ClCompile:
         C:\Program Files (x86)\Microsoft Visual Studio 11.0\VC\bin\CL.exe /c /ZI /nologo /W3 /WX- /Od /Oy- /D WIN32 /D _DEBUG /D _LIB /D _UNICODE /D UNICODE /Gm /EHsc /RTC1 /MDd /GS /fp:precise /Zc:wchar_t /Zc:forScope /Fo"Debug\\" /Fd"Debug\vc110.pdb" /Gd /TP /analyze- /errorReport:prompt ..\..\..\Client\course.cpp
         course.cpp
     1>d:\visual\template\inheritance\client\course.cpp(6): error C2011: 'course' : 'class' type redefinition
                 d:\visual\template\inheritance\developer\win32project1\win32project1\header.h(3) : see declaration of 'course'
     1>Done Building Project "D:\visual\Template\inheritance\Developer\Win32Project1\Win32Project1\Win32Project1.vcxproj" (ClCompile target(s)) -- FAILED.

Build FAILED.

Time Elapsed 00:00:00.89
